1150 start_logger              160 ---- 2023/03/10 13:38:24.654 -------------------------------------------------
1150 start_logger              166 Host process is 'cmd.exe' (pid 4432)
1150 start_logger              170 DLL path is 'C:\Users\69Vn109-013\Desktop\cmder\vendor\clink'
1150 start_logger              185 Windows version 10.0.19043 (x64)
1150 start_logger              188 Clink version 1.4.4.7fe1ca (x64)
1150 hook_setter::hook_setter  159 >>> Started hook transaction.
1150 hook_setter::attach_iat   316 Attempting to hook SetEnvironmentVariableW in IAT for module 00007FF742830000.
1150 pe_info::iterate_imports  159 Found import in 'api-ms-win-core-processenvironment-l1-1-0.dll'
1150 find_iat                  124 Found import at 00007FF742863860 (value is 00007FFEDEC2C3D0).
1150 hook_setter::attach_iat   316 Attempting to hook WriteConsoleW in IAT for module 00007FF742830000.
1150 pe_info::iterate_imports  159 Found import in 'api-ms-win-core-console-l1-1-0.dll'
1150 find_iat                  124 Found import at 00007FF7428634F8 (value is 00007FFEDEBD15C0).
1150 hook_setter::attach_iat   316 Attempting to hook GetEnvironmentVariableW in IAT for module 00007FF742830000.
1150 pe_info::iterate_imports  159 Found import in 'api-ms-win-core-processenvironment-l1-1-0.dll'
1150 find_iat                  124 Found import at 00007FF742863880 (value is 00007FFEDEBEAB90).
1150 hook_setter::commit       207 <<< Hook transaction committed.
1150 hook_setter::hook_setter  159 >>> Started hook transaction.
1150 hook_setter::detach_iat   359 Attempting to unhook 00007FFE45F49710 from GetEnvironmentVariableW in IAT for module 00007FF742830000.
1150 pe_info::iterate_imports  159 Found import in 'api-ms-win-core-processenvironment-l1-1-0.dll'
1150 find_iat                  124 Found import at 00007FF742863880 (value is 00007FFE45F49710).
1150 hook_setter::commit       207 <<< Hook transaction committed.
1150 hook_setter::hook_setter  159 >>> Started hook transaction.
1150 hook_setter::attach_iat   316 Attempting to hook ReadConsoleW in IAT for module 00007FF742830000.
1150 pe_info::iterate_imports  159 Found import in 'api-ms-win-core-console-l1-1-0.dll'
1150 find_iat                  124 Found import at 00007FF7428634E0 (value is 00007FFEDECBEFD0).
1150 hook_setter::commit       207 <<< Hook transaction committed.
1150 hook_setter::hook_setter  159 >>> Started hook transaction.
1150 hook_setter::attach_iat   316 Attempting to hook SetConsoleTitleW in IAT for module 00007FF742830000.
1150 pe_info::iterate_imports  159 Found import in 'api-ms-win-core-console-l2-2-0.dll'
1150 find_iat                  124 Found import at 00007FF742863558 (value is 00007FFEDEC3F4F0).
1150 hook_setter::commit       207 <<< Hook transaction committed.
1150 win_screen_buffer::begin  228 Using native terminal support; found 'ConEmuHk64.dll'.
1150 host_lua::load_scripts    158 Loaded 2 Lua scripts in 18 ms
1150 =?                          0 Clink updater: too soon to check for updates (1678451645 vs 1678451905).
1150 history_db::initialise   1264 master bank ctag: |CTAG_1676450131_2384683281_1272_0
1150 history_db::compact      1526 History:  30 active, 34 deleted
